<?xml version="1.0" encoding="UTF-8"?>
<!-- Generated by org.testng.reporters.JUnitXMLReporter -->
<testsuite hostname="acer-PC" name="Test1" tests="7" failures="1" timestamp="29 Jun 2014 08:18:40 GMT" time="210.858" errors="0">
  <testcase name="TitleCheck" time="7.057" classname="simple.FacebookTest"/>
  <testcase name="enterTextbox" time="11.392" classname="simple.FacebookTest"/>
  <testcase name="chooseBday" time="14.416" classname="simple.FacebookTest"/>
  <testcase name="selectSex" time="22.465" classname="simple.FacebookTest"/>
  <testcase name="selectchkbox" time="41.048" classname="simple.FacebookTest"/>
  <testcase name="navigateLink" time="12.354" classname="simple.FacebookTest">
    <failure type="org.openqa.selenium.NoSuchElementException" message="Unable to locate element: {&amp;quot;method&amp;quot;:&amp;quot;id&amp;quot;,&amp;quot;selector&amp;quot;:&amp;quot;q_dashboard&amp;quot;}
Command duration or timeout: 1.19 seconds
For documentation on this error, please visit: http://seleniumhq.org/exceptions/no_such_element.html
Build info: version: &amp;apos;2.42.2&amp;apos;, revision: &amp;apos;6a6995d31c7c56c340d6f45a76976d43506cd6cc&amp;apos;, time: &amp;apos;2014-06-03 10:52:47&amp;apos;
System info: host: &amp;apos;acer-PC&amp;apos;, ip: &amp;apos;192.168.15.1&amp;apos;, os.name: &amp;apos;Windows 7&amp;apos;, os.arch: &amp;apos;x86&amp;apos;, os.version: &amp;apos;6.1&amp;apos;, java.version: &amp;apos;1.7.0_55&amp;apos;
Session ID: 0d226e35-7155-409e-9c49-44bfaa61dcde
Driver info: org.openqa.selenium.firefox.FirefoxDriver
Capabilities [{platform=XP, acceptSslCerts=true, javascriptEnabled=true, cssSelectorsEnabled=true, databaseEnabled=true, browserName=firefox, handlesAlerts=true, browserConnectionEnabled=true, webStorageEnabled=true, nativeEvents=true, rotatable=false, locationContextEnabled=true, applicationCacheEnabled=true, takesScreenshot=true, version=29.0.1}]">
      <![CDATA[org.openqa.selenium.NoSuchElementException: Unable to locate element: {"method":"id","selector":"q_dashboard"}
Command duration or timeout: 1.19 seconds
For documentation on this error, please visit: http://seleniumhq.org/exceptions/no_such_element.html
Build info: version: '2.42.2', revision: '6a6995d31c7c56c340d6f45a76976d43506cd6cc', time: '2014-06-03 10:52:47'
System info: host: 'acer-PC', ip: '192.168.15.1', os.name: 'Windows 7', os.arch: 'x86', os.version: '6.1', java.version: '1.7.0_55'
Session ID: 0d226e35-7155-409e-9c49-44bfaa61dcde
Driver info: org.openqa.selenium.firefox.FirefoxDriver
Capabilities [{platform=XP, acceptSslCerts=true, javascriptEnabled=true, cssSelectorsEnabled=true, databaseEnabled=true, browserName=firefox, handlesAlerts=true, browserConnectionEnabled=true, webStorageEnabled=true, nativeEvents=true, rotatable=false, locationContextEnabled=true, applicationCacheEnabled=true, takesScreenshot=true, version=29.0.1}]
	at org.openqa.selenium.remote.ErrorHandler.createThrowable(ErrorHandler.java:204)
	at org.openqa.selenium.remote.ErrorHandler.throwIfResponseFailed(ErrorHandler.java:156)
	at org.openqa.selenium.remote.RemoteWebDriver.execute(RemoteWebDriver.java:599)
	at org.openqa.selenium.remote.RemoteWebDriver.findElement(RemoteWebDriver.java:352)
	at org.openqa.selenium.remote.RemoteWebDriver.findElementById(RemoteWebDriver.java:393)
	at org.openqa.selenium.By$ById.findElement(By.java:214)
	at org.openqa.selenium.remote.RemoteWebDriver.findElement(RemoteWebDriver.java:344)
	at simple.FacebookTest.navigateLink(FacebookTest.java:127)
	at java.util.concurrent.FutureTask.run(Unknown Source)
	at java.util.concurrent.ThreadPoolExecutor.runWorker(Unknown Source)
	at java.util.concurrent.ThreadPoolExecutor$Worker.run(Unknown Source)
	at java.lang.Thread.run(Unknown Source)
Caused by: org.openqa.selenium.remote.ErrorHandler$UnknownServerException: Unable to locate element: {"method":"id","selector":"q_dashboard"}
Build info: version: '2.42.2', revision: '6a6995d31c7c56c340d6f45a76976d43506cd6cc', time: '2014-06-03 10:52:47'
System info: host: 'acer-PC', ip: '192.168.15.1', os.name: 'Windows 7', os.arch: 'x86', os.version: '6.1', java.version: '1.7.0_55'
Driver info: driver.version: unknown
	at <anonymous class>.FirefoxDriver.prototype.findElementInternal_(file:///C:/Users/NewUser/AppData/Local/Temp/anonymous7310803840137551747webdriver-profile/extensions/fxdriver@googlecode.com/components/driver_component.js:9470)
	at <anonymous class>.FirefoxDriver.prototype.findElement(file:///C:/Users/NewUser/AppData/Local/Temp/anonymous7310803840137551747webdriver-profile/extensions/fxdriver@googlecode.com/components/driver_component.js:9479)
	at <anonymous class>.DelayedCommand.prototype.executeInternal_/h(file:///C:/Users/NewUser/AppData/Local/Temp/anonymous7310803840137551747webdriver-profile/extensions/fxdriver@googlecode.com/components/command_processor.js:11455)
	at <anonymous class>.DelayedCommand.prototype.executeInternal_(file:///C:/Users/NewUser/AppData/Local/Temp/anonymous7310803840137551747webdriver-profile/extensions/fxdriver@googlecode.com/components/command_processor.js:11460)
	at <anonymous class>.DelayedCommand.prototype.execute/<(file:///C:/Users/NewUser/AppData/Local/Temp/anonymous7310803840137551747webdriver-profile/extensions/fxdriver@googlecode.com/components/command_processor.js:11402)
... Removed 20 stack frames]]>
    </failure>
  </testcase> <!-- navigateLink -->
  <testcase name="validLogin" time="32.136" classname="simple.FacebookTest"/>
</testsuite> <!-- Test1 -->
